Selected installer: /home/cachyos/Downloads/Adobe Photoshop 2021 v22.5.1.441 (x64) Multilingual/Set-up.exe
Initial installation started...
Source: /tmp/.mount_PhotosIjoKEd/opt/photoshop-installer/wine-adobe-installers-fix-dropdowns
Build Dir: /home/cachyos/.local/share/photoshop-installer/wine-src
Preparing build directory: /home/cachyos/.local/share/photoshop-installer/wine-src
Copying source files to writable location...
Configuring Wine...
Executing: ./autogen.sh
autoreconf: export WARNINGS=
Executing: ./configure --enable-win64
checking whether clang supports -Werror=unknown-warning-option... yes
checking whether clang supports -Werror=ignored-optimization-argument... yes
checking whether the compiler supports -Werror=unknown-warning-option... no
checking whether the compiler supports -Werror=unused-command-line-argument... no
checking whether the compiler supports -Werror=ignored-optimization-argument... no
checking for struct icmpstat.icps_error... no
checking for struct icmp6stat.icp6s_error... no
Building Wine (this will take a while)...
Executing: make -j4
dlls/advapi32/tests/crypt.c:290:32: warning: variable 'temp' is uninitialized when passed as a const pointer argument here [-Wuninitialized-const-pointer]
1 warning generated.
dlls/crypt32/tests/sip.c:303:25: warning: variable 'subject' is uninitialized when passed as a const pointer argument here [-Wuninitialized-const-pointer]
1 warning generated.
dlls/kernel32/tests/sync.c:1643:8: warning: taking the absolute value of unsigned type 'DWORD' (aka 'unsigned long') has no effect [-Wabsolute-value]
dlls/kernel32/tests/sync.c:1649:8: warning: taking the absolute value of unsigned type 'DWORD' (aka 'unsigned long') has no effect [-Wabsolute-value]
dlls/kernel32/tests/sync.c:1660:8: warning: absolute value function 'abs' given an argument of type 'LONGLONG' (aka 'long long') but has parameter of type 'int' which may cause truncation of value [-Wabsolute-value]
dlls/kernel32/tests/sync.c:1668:8: warning: absolute value function 'abs' given an argument of type 'LONGLONG' (aka 'long long') but has parameter of type 'int' which may cause truncation of value [-Wabsolute-value]
dlls/kernel32/tests/sync.c:1683:8: warning: absolute value function 'abs' given an argument of type 'LONGLONG' (aka 'long long') but has parameter of type 'int' which may cause truncation of value [-Wabsolute-value]
dlls/kernel32/tests/sync.c:1691:8: warning: absolute value function 'abs' given an argument of type 'LONGLONG' (aka 'long long') but has parameter of type 'int' which may cause truncation of value [-Wabsolute-value]
6 warnings generated.
dlls/kernel32/tests/version.c:955:68: warning: format specifies type 'unsigned int' but the argument has type 'LONG' (aka 'long') [-Wformat]
955 |     ok(ret == ERROR_INVALID_PARAMETER, "Got unexpected ret %u.\n", ret);
dlls/kernel32/tests/version.c:959:68: warning: format specifies type 'unsigned int' but the argument has type 'LONG' (aka 'long') [-Wformat]
959 |     ok(ret == ERROR_INVALID_PARAMETER, "Got unexpected ret %u.\n", ret);
dlls/kernel32/tests/version.c:963:70: warning: format specifies type 'unsigned int' but the argument has type 'LONG' (aka 'long') [-Wformat]
963 |     ok(ret == ERROR_INSUFFICIENT_BUFFER, "Got unexpected ret %u.\n", ret);
dlls/kernel32/tests/version.c:967:58: warning: format specifies type 'unsigned int' but the argument has type 'LONG' (aka 'long') [-Wformat]
967 |     ok(ret == ERROR_SUCCESS, "Got unexpected ret %u.\n", ret);
dlls/kernel32/tests/version.c:1155:58: warning: format specifies type 'unsigned int' but the argument has type 'LONG' (aka 'long') [-Wformat]
1155 |     ok(ret == ERROR_SUCCESS, "Got unexpected ret %u.\n", ret);
dlls/kernel32/tests/version.c:1162:58: warning: format specifies type 'unsigned int' but the argument has type 'LONG' (aka 'long') [-Wformat]
1162 |     ok(ret == ERROR_SUCCESS, "Got unexpected ret %u.\n", ret);
dlls/kernel32/tests/version.c:1169:68: warning: format specifies type 'unsigned int' but the argument has type 'LONG' (aka 'long') [-Wformat]
1169 |     ok(ret == ERROR_INVALID_PARAMETER, "Got unexpected ret %u.\n", ret);
dlls/kernel32/tests/version.c:1176:68: warning: format specifies type 'unsigned int' but the argument has type 'LONG' (aka 'long') [-Wformat]
1176 |     ok(ret == ERROR_INVALID_PARAMETER, "Got unexpected ret %u.\n", ret);
dlls/kernel32/tests/version.c:1183:58: warning: format specifies type 'unsigned int' but the argument has type 'LONG' (aka 'long') [-Wformat]
1183 |     ok(ret == ERROR_SUCCESS, "Got unexpected ret %u.\n", ret);
dlls/kernel32/tests/version.c:1190:58: warning: format specifies type 'unsigned int' but the argument has type 'LONG' (aka 'long') [-Wformat]
1190 |     ok(ret == ERROR_SUCCESS, "Got unexpected ret %u.\n", ret);
dlls/kernel32/tests/version.c:1196:68: warning: format specifies type 'unsigned int' but the argument has type 'LONG' (aka 'long') [-Wformat]
1196 |     ok(ret == ERROR_INVALID_PARAMETER, "Got unexpected ret %u.\n", ret);
dlls/kernel32/tests/version.c:1201:68: warning: format specifies type 'unsigned int' but the argument has type 'LONG' (aka 'long') [-Wformat]
1201 |     ok(ret == ERROR_INVALID_PARAMETER, "Got unexpected ret %u.\n", ret);
dlls/kernel32/tests/version.c:1207:68: warning: format specifies type 'unsigned int' but the argument has type 'LONG' (aka 'long') [-Wformat]
1207 |     ok(ret == ERROR_INVALID_PARAMETER, "Got unexpected ret %u.\n", ret);
dlls/kernel32/tests/version.c:1212:68: warning: format specifies type 'unsigned int' but the argument has type 'LONG' (aka 'long') [-Wformat]
1212 |     ok(ret == ERROR_INVALID_PARAMETER, "Got unexpected ret %u.\n", ret);
dlls/kernel32/tests/version.c:1217:68: warning: format specifies type 'unsigned int' but the argument has type 'LONG' (aka 'long') [-Wformat]
1217 |     ok(ret == ERROR_INVALID_PARAMETER, "Got unexpected ret %u.\n", ret);
dlls/kernel32/tests/version.c:1223:68: warning: format specifies type 'unsigned int' but the argument has type 'LONG' (aka 'long') [-Wformat]
1223 |     ok(ret == ERROR_INVALID_PARAMETER, "Got unexpected ret %u.\n", ret);
dlls/kernel32/tests/version.c:1234:70: warning: format specifies type 'unsigned int' but the argument has type 'LONG' (aka 'long') [-Wformat]
1234 |     ok(ret == ERROR_INSUFFICIENT_BUFFER, "Got unexpected ret %u.\n", ret);
dlls/kernel32/tests/version.c:1239:58: warning: format specifies type 'unsigned int' but the argument has type 'LONG' (aka 'long') [-Wformat]
1239 |     ok(ret == ERROR_SUCCESS, "Got unexpected ret %u.\n", ret);
dlls/kernel32/tests/version.c:1253:62: warning: format specifies type 'unsigned int' but the argument has type 'LONG' (aka 'long') [-Wformat]
1253 |         ok(ret == ERROR_SUCCESS, "Got unexpected ret %u.\n", ret);
dlls/kernel32/tests/version.c:1260:74: warning: format specifies type 'unsigned int' but the argument has type 'LONG' (aka 'long') [-Wformat]
1260 |         ok(ret == ERROR_INSUFFICIENT_BUFFER, "Got unexpected ret %u.\n", ret);
dlls/kernel32/tests/version.c:1265:62: warning: format specifies type 'unsigned int' but the argument has type 'LONG' (aka 'long') [-Wformat]
1265 |         ok(ret == ERROR_SUCCESS, "Got unexpected ret %u.\n", ret);
dlls/kernel32/tests/version.c:1269:68: warning: format specifies type 'unsigned int' but the argument has type 'DWORD' (aka 'unsigned long') [-Wformat]
1269 |                 "Got unexpected attrib %#x, GetLastError() %u.\n", attrib, GetLastError());
dlls/kernel32/tests/version.c:1269:76: warning: format specifies type 'unsigned int' but the argument has type 'DWORD' (aka 'unsigned long') [-Wformat]
, GetLastError() %u.\n", attrib, GetLastError());
dlls/kernel32/tests/version.c:1276:58: warning: format specifies type 'unsigned int' but the argument has type 'LONG' (aka 'long') [-Wformat]
1276 |     ok(ret == ERROR_SUCCESS, "Got unexpected ret %u.\n", ret);
dlls/kernel32/tests/version.c:1282:68: warning: format specifies type 'unsigned int' but the argument has type 'LONG' (aka 'long') [-Wformat]
1282 |     ok(ret == ERROR_INVALID_PARAMETER, "Got unexpected ret %u.\n", ret);
dlls/kernel32/tests/version.c:1288:68: warning: format specifies type 'unsigned int' but the argument has type 'LONG' (aka 'long') [-Wformat]
1288 |     ok(ret == ERROR_INVALID_PARAMETER, "Got unexpected ret %u.\n", ret);
dlls/kernel32/tests/version.c:1294:58: warning: format specifies type 'unsigned int' but the argument has type 'LONG' (aka 'long') [-Wformat]
1294 |     ok(ret == ERROR_SUCCESS, "Got unexpected ret %u.\n", ret);
dlls/kernel32/tests/version.c:1300:68: warning: format specifies type 'unsigned int' but the argument has type 'LONG' (aka 'long') [-Wformat]
1300 |     ok(ret == ERROR_INVALID_PARAMETER, "Got unexpected ret %u.\n", ret);
dlls/kernel32/tests/version.c:1306:60: warning: format specifies type 'unsigned int' but the argument has type 'LONG' (aka 'long') [-Wformat]
1306 |     ok(ret == ERROR_NOT_FOUND, "Got unexpected ret %u.\n", ret);
dlls/kernel32/tests/virtual.c:1645:25: warning: variable 'stackvar' is uninitialized when passed as a const pointer argument here [-Wuninitialized-const-pointer]
29 warnings generated.
1 warning generated.
dlls/msvcr90/tests/msvcr90.c:960:22: warning: variable 'l' is uninitialized when passed as a const pointer argument here [-Wuninitialized-const-pointer]
1 warning generated.
clang -D__STDC__ -c -o libs/xml2/x86_64-windows/error.o libs/xml2/error.c -Ilibs/xml2 -Iinclude -Iinclude/msvcrt -Ilibs/xml2/include \
clang -D__STDC__ -c -o dlls/ntdll/x86_64-windows/error.o dlls/ntdll/error.c -Idlls/ntdll -Iinclude -Iinclude/msvcrt -D__WINESRC__ \
clang -D__STDC__ -c -o dlls/ntdll/tests/x86_64-windows/error.o dlls/ntdll/tests/error.c -Idlls/ntdll/tests -Iinclude -Iinclude/msvcrt \
dlls/ntdll/tests/file.c:177:77: warning: format specifies type 'unsigned int' but the argument has type 'NTSTATUS' (aka 'long') [-Wformat]
dlls/ntdll/tests/file.c:182:83: warning: format specifies type 'unsigned int' but the argument has type 'NTSTATUS' (aka 'long') [-Wformat]
dlls/ntdll/tests/file.c:360:51: warning: format specifies type 'unsigned int' but the argument has type 'DWORD' (aka 'unsigned long') [-Wformat]
360 |         "QueryDosDeviceW failed with error %u\n", GetLastError() );
dlls/ntdll/tests/file.c:369:62: warning: format specifies type 'unsigned int' but the argument has type 'NTSTATUS' (aka 'long') [-Wformat]
dlls/ntdll/tests/file.c:374:62: warning: format specifies type 'unsigned int' but the argument has type 'NTSTATUS' (aka 'long') [-Wformat]
5 warnings generated.
dlls/ntdll/tests/threadpool.c:2045:16: warning: default initialization of an object of type 'const char[1]' leaves the object uninitialized [-Wdefault-const-init-var-unsafe]
dlls/ntdll/tests/threadpool.c:2265:16: warning: default initialization of an object of type 'const char[1]' leaves the object uninitialized [-Wdefault-const-init-var-unsafe]
2 warnings generated.
dlls/psapi/tests/psapi_main.c:609:65: warning: format specifies type 'unsigned int' but the argument has type 'DWORD' (aka 'unsigned long') [-Wformat]
609 |     ok(hMod != NULL, "Failed to load shell32.dll, error: %u\n", GetLastError());
dlls/psapi/tests/psapi_main.c:612:38: warning: format specifies type 'int' but the argument has type 'DWORD' (aka 'unsigned long') [-Wformat]
612 |     ok(ret == 1, "failed with %d\n", GetLastError());
dlls/psapi/tests/psapi_main.c:616:37: warning: format specifies type 'unsigned int' but the argument has type 'DWORD' (aka 'unsigned long') [-Wformat]
3 warnings generated.
dlls/user32/tests/input.c:6153:18: warning: variable 'layout_name' is used uninitialized whenever 'if' condition is false [-Wsometimes-uninitialized]
dlls/user32/tests/input.c:6137:28: note: initialize the variable 'layout_name' to silence this warning
1 warning generated.
clang -D__STDC__ -c -o dlls/webservices/x86_64-windows/error.o dlls/webservices/error.c -Idlls/webservices -Iinclude -Iinclude/msvcrt \
clang -D__STDC__ -c -o dlls/wldap32/x86_64-windows/error.o dlls/wldap32/error.c -Idlls/wldap32 -Iinclude -Iinclude/msvcrt \
tools/widl/widl -o include/restrictederrorinfo.h -m64 --nostdinc -Ldlls/\* -Iinclude -Iinclude -D__WINESRC__ \
include/restrictederrorinfo.idl
dlls/atiadlxx/atiadlxx_main.c:398:51: warning: passing 'const GUID *' (aka 'const struct _GUID *') to parameter of type 'LPGUID' (aka 'struct _GUID *') discards qualifiers [-Wincompatible-pointer-types-discards-qualifiers]
dlls/atiadlxx/atiadlxx_main.c:402:39: warning: passing 'const GUID *' (aka 'const struct _GUID *') to parameter of type 'LPGUID' (aka 'struct _GUID *') discards qualifiers [-Wincompatible-pointer-types-discards-qualifiers]
2 warnings generated.
dlls/bcrypt/tests/bcrypt.c:2775:1: error: function definition is not allowed here
dlls/bcrypt/tests/bcrypt.c:3013:1: error: function definition is not allowed here
dlls/bcrypt/tests/bcrypt.c:3139:1: error: function definition is not allowed here
dlls/bcrypt/tests/bcrypt.c:3293:1: error: function definition is not allowed here
dlls/bcrypt/tests/bcrypt.c:3508:1: error: function definition is not allowed here
dlls/bcrypt/tests/bcrypt.c:3658:1: error: function definition is not allowed here
dlls/bcrypt/tests/bcrypt.c:3690:1: error: function definition is not allowed here
dlls/bcrypt/tests/bcrypt.c:3819:1: error: function definition is not allowed here
dlls/bcrypt/tests/bcrypt.c:3856:1: error: function definition is not allowed here
dlls/bcrypt/tests/bcrypt.c:3918:1: error: function definition is not allowed here
dlls/bcrypt/tests/bcrypt.c:4048:1: error: function definition is not allowed here
dlls/bcrypt/tests/bcrypt.c:4148:1: error: function definition is not allowed here
dlls/bcrypt/tests/bcrypt.c:4582:1: error: function definition is not allowed here
dlls/bcrypt/tests/bcrypt.c:4611:1: error: function definition is not allowed here
dlls/bcrypt/tests/bcrypt.c:4713:1: error: function definition is not allowed here
dlls/bcrypt/tests/bcrypt.c:4992:1: error: function definition is not allowed here
dlls/bcrypt/tests/bcrypt.c:5087:1: error: function definition is not allowed here
dlls/bcrypt/tests/bcrypt.c:5130:2: error: expected '}'
dlls/bcrypt/tests/bcrypt.c:3123:8: warning: mixing declarations and code is incompatible with standards before C99 [-Wdeclaration-after-statement]
1 warning and 18 errors generated.
Error during Wine build: Command '['make', '-j4']' returned non-zero exit status 2.
Installation failed.